12:03:41.870 sms [main] INFO  com.csk.rbac.MainApplication - Starting MainApplication on CSK-PC with PID 17200 (G:\project\rbac-security\rbac-web\target\classes started by CSK in G:\project\rbac-security)
12:03:41.876 sms [main] INFO  com.csk.rbac.MainApplication - No active profile set, falling back to default profiles: default
12:03:44.245 sms [main] INFO  o.s.b.w.e.tomcat.TomcatWebServer - Tomcat initialized with port(s): 8080 (http)
12:03:44.259 sms [main] INFO  o.a.coyote.http11.Http11NioProtocol - Initializing ProtocolHandler ["http-nio-8080"]
12:03:44.261 sms [main] INFO  o.a.catalina.core.StandardService - Starting service [Tomcat]
12:03:44.261 sms [main] INFO  o.a.catalina.core.StandardEngine - Starting Servlet engine: [Apache Tomcat/9.0.29]
12:03:44.403 sms [main] INFO  o.a.c.c.C.[Tomcat].[localhost].[/] - Initializing Spring embedded WebApplicationContext
12:03:44.403 sms [main] INFO  o.s.web.context.ContextLoader - Root WebApplicationContext: initialization completed in 2424 ms
12:03:46.038 sms [main] INFO  o.s.s.c.ThreadPoolTaskExecutor - Initializing ExecutorService 'applicationTaskExecutor'
12:03:46.176 sms [main] INFO  o.s.b.a.w.s.WelcomePageHandlerMapping - Adding welcome page template: index
12:03:46.702 sms [main] INFO  o.s.s.web.DefaultSecurityFilterChain - Creating filter chain: any request, [org.springframework.security.web.context.request.async.WebAsyncManagerIntegrationFilter@52354202, org.springframework.security.web.context.SecurityContextPersistenceFilter@34c7232c, org.springframework.security.web.header.HeaderWriterFilter@350da119, org.springframework.security.web.authentication.logout.LogoutFilter@216372b7, com.csk.rbac.security.code.img.ImageCodeFilter@3a790e40, org.springframework.security.web.authentication.UsernamePasswordAuthenticationFilter@14b4340c, org.springframework.security.web.savedrequest.RequestCacheAwareFilter@50ec4bfc, org.springframework.security.web.servletapi.SecurityContextHolderAwareRequestFilter@3dfd6220, org.springframework.security.web.authentication.rememberme.RememberMeAuthenticationFilter@1595d2b2, org.springframework.security.web.authentication.AnonymousAuthenticationFilter@6b1321b7, org.springframework.security.web.session.SessionManagementFilter@6a09484c, org.springframework.security.web.access.ExceptionTranslationFilter@6380e9e9, org.springframework.security.web.access.intercept.FilterSecurityInterceptor@43d76a92]
12:03:46.772 sms [main] INFO  o.a.coyote.http11.Http11NioProtocol - Starting ProtocolHandler ["http-nio-8080"]
12:03:46.808 sms [main] INFO  o.s.b.w.e.tomcat.TomcatWebServer - Tomcat started on port(s): 8080 (http) with context path ''
12:03:46.811 sms [main] INFO  com.csk.rbac.MainApplication - Started MainApplication in 6.575 seconds (JVM running for 9.478)
12:04:02.693 sms [http-nio-8080-exec-2] INFO  o.a.c.c.C.[Tomcat].[localhost].[/] - Initializing Spring DispatcherServlet 'dispatcherServlet'
12:04:02.693 sms [http-nio-8080-exec-2] INFO  o.s.web.servlet.DispatcherServlet - Initializing Servlet 'dispatcherServlet'
12:04:02.708 sms [http-nio-8080-exec-2] INFO  o.s.web.servlet.DispatcherServlet - Completed initialization in 14 ms
12:04:10.485 sms [http-nio-8080-exec-8] INFO  com.zaxxer.hikari.HikariDataSource - HikariPool-1 - Starting...
12:04:11.734 sms [http-nio-8080-exec-8] INFO  com.zaxxer.hikari.HikariDataSource - HikariPool-1 - Start completed.
12:04:18.776 sms [SpringContextShutdownHook] INFO  o.s.s.c.ThreadPoolTaskExecutor - Shutting down ExecutorService 'applicationTaskExecutor'
12:04:18.779 sms [SpringContextShutdownHook] INFO  com.zaxxer.hikari.HikariDataSource - HikariPool-1 - Shutdown initiated...
12:04:18.794 sms [SpringContextShutdownHook] INFO  com.zaxxer.hikari.HikariDataSource - HikariPool-1 - Shutdown completed.
13:41:25.538 sms [main] INFO  com.csk.rbac.MainApplication - Starting MainApplication on CSK-PC with PID 17216 (G:\project\rbac-security\rbac-web\target\classes started by CSK in G:\project\rbac-security)
13:41:25.543 sms [main] INFO  com.csk.rbac.MainApplication - No active profile set, falling back to default profiles: default
13:41:28.369 sms [main] INFO  o.s.b.w.e.tomcat.TomcatWebServer - Tomcat initialized with port(s): 8080 (http)
13:41:28.379 sms [main] INFO  o.a.coyote.http11.Http11NioProtocol - Initializing ProtocolHandler ["http-nio-8080"]
13:41:28.380 sms [main] INFO  o.a.catalina.core.StandardService - Starting service [Tomcat]
13:41:28.380 sms [main] INFO  o.a.catalina.core.StandardEngine - Starting Servlet engine: [Apache Tomcat/9.0.29]
13:41:28.897 sms [main] INFO  o.a.c.c.C.[Tomcat].[localhost].[/] - Initializing Spring embedded WebApplicationContext
13:41:28.897 sms [main] INFO  o.s.web.context.ContextLoader - Root WebApplicationContext: initialization completed in 3172 ms
13:41:29.907 sms [main] INFO  o.s.s.c.ThreadPoolTaskExecutor - Initializing ExecutorService 'applicationTaskExecutor'
13:41:29.985 sms [main] INFO  o.s.b.a.w.s.WelcomePageHandlerMapping - Adding welcome page template: index
13:41:30.290 sms [main] INFO  o.s.s.web.DefaultSecurityFilterChain - Creating filter chain: any request, [org.springframework.security.web.context.request.async.WebAsyncManagerIntegrationFilter@13cc0b90, org.springframework.security.web.context.SecurityContextPersistenceFilter@7f2c57fe, org.springframework.security.web.header.HeaderWriterFilter@6db328f8, org.springframework.security.web.authentication.logout.LogoutFilter@7e52a26b, com.csk.rbac.security.code.img.ImageCodeFilter@3e4e4c1, org.springframework.security.web.authentication.UsernamePasswordAuthenticationFilter@2e56b4d, org.springframework.security.web.savedrequest.RequestCacheAwareFilter@101cf747, org.springframework.security.web.servletapi.SecurityContextHolderAwareRequestFilter@89caf47, org.springframework.security.web.authentication.rememberme.RememberMeAuthenticationFilter@224c7de4, org.springframework.security.web.authentication.AnonymousAuthenticationFilter@58687fb7, org.springframework.security.web.session.SessionManagementFilter@61b65d54, org.springframework.security.web.access.ExceptionTranslationFilter@6839203b, org.springframework.security.web.access.intercept.FilterSecurityInterceptor@6a2d867d]
13:41:30.349 sms [main] INFO  o.a.coyote.http11.Http11NioProtocol - Starting ProtocolHandler ["http-nio-8080"]
13:41:30.378 sms [main] INFO  o.s.b.w.e.tomcat.TomcatWebServer - Tomcat started on port(s): 8080 (http) with context path ''
13:41:30.382 sms [main] INFO  com.csk.rbac.MainApplication - Started MainApplication in 5.96 seconds (JVM running for 10.922)
13:41:37.434 sms [http-nio-8080-exec-1] INFO  o.a.c.c.C.[Tomcat].[localhost].[/] - Initializing Spring DispatcherServlet 'dispatcherServlet'
13:41:37.434 sms [http-nio-8080-exec-1] INFO  o.s.web.servlet.DispatcherServlet - Initializing Servlet 'dispatcherServlet'
13:41:37.460 sms [http-nio-8080-exec-1] INFO  o.s.web.servlet.DispatcherServlet - Completed initialization in 26 ms
13:41:48.041 sms [http-nio-8080-exec-2] INFO  com.zaxxer.hikari.HikariDataSource - HikariPool-1 - Starting...
13:41:49.198 sms [http-nio-8080-exec-2] INFO  com.zaxxer.hikari.HikariDataSource - HikariPool-1 - Start completed.
13:42:10.390 sms [SpringContextShutdownHook] INFO  o.s.s.c.ThreadPoolTaskExecutor - Shutting down ExecutorService 'applicationTaskExecutor'
13:42:10.391 sms [SpringContextShutdownHook] INFO  com.zaxxer.hikari.HikariDataSource - HikariPool-1 - Shutdown initiated...
13:42:10.404 sms [SpringContextShutdownHook] INFO  com.zaxxer.hikari.HikariDataSource - HikariPool-1 - Shutdown completed.
13:42:16.488 sms [main] INFO  com.csk.rbac.MainApplication - Starting MainApplication on CSK-PC with PID 17324 (G:\project\rbac-security\rbac-web\target\classes started by CSK in G:\project\rbac-security)
13:42:16.495 sms [main] INFO  com.csk.rbac.MainApplication - No active profile set, falling back to default profiles: default
13:42:18.493 sms [main] INFO  o.s.b.w.e.tomcat.TomcatWebServer - Tomcat initialized with port(s): 8080 (http)
13:42:18.505 sms [main] INFO  o.a.coyote.http11.Http11NioProtocol - Initializing ProtocolHandler ["http-nio-8080"]
13:42:18.506 sms [main] INFO  o.a.catalina.core.StandardService - Starting service [Tomcat]
13:42:18.507 sms [main] INFO  o.a.catalina.core.StandardEngine - Starting Servlet engine: [Apache Tomcat/9.0.29]
13:42:18.607 sms [main] INFO  o.a.c.c.C.[Tomcat].[localhost].[/] - Initializing Spring embedded WebApplicationContext
13:42:18.607 sms [main] INFO  o.s.web.context.ContextLoader - Root WebApplicationContext: initialization completed in 1980 ms
13:42:19.552 sms [main] INFO  o.s.s.c.ThreadPoolTaskExecutor - Initializing ExecutorService 'applicationTaskExecutor'
13:42:19.629 sms [main] INFO  o.s.b.a.w.s.WelcomePageHandlerMapping - Adding welcome page template: index
13:42:19.970 sms [main] INFO  o.s.s.web.DefaultSecurityFilterChain - Creating filter chain: any request, [org.springframework.security.web.context.request.async.WebAsyncManagerIntegrationFilter@216c22ce, org.springframework.security.web.context.SecurityContextPersistenceFilter@486bd064, org.springframework.security.web.header.HeaderWriterFilter@4a2bf50f, org.springframework.security.web.authentication.logout.LogoutFilter@55361f03, com.csk.rbac.security.code.img.ImageCodeFilter@34585ac9, org.springframework.security.web.authentication.UsernamePasswordAuthenticationFilter@581c9bb7, org.springframework.security.web.savedrequest.RequestCacheAwareFilter@740b9a50, org.springframework.security.web.servletapi.SecurityContextHolderAwareRequestFilter@7da1e005, org.springframework.security.web.authentication.rememberme.RememberMeAuthenticationFilter@787988f4, org.springframework.security.web.authentication.AnonymousAuthenticationFilter@62f9c790, org.springframework.security.web.session.SessionManagementFilter@2506b881, org.springframework.security.web.access.ExceptionTranslationFilter@1a914089, org.springframework.security.web.access.intercept.FilterSecurityInterceptor@2726a511]
13:42:20.053 sms [main] INFO  o.a.coyote.http11.Http11NioProtocol - Starting ProtocolHandler ["http-nio-8080"]
13:42:20.085 sms [main] INFO  o.s.b.w.e.tomcat.TomcatWebServer - Tomcat started on port(s): 8080 (http) with context path ''
13:42:20.090 sms [main] INFO  com.csk.rbac.MainApplication - Started MainApplication in 5.05 seconds (JVM running for 7.431)
13:42:23.877 sms [http-nio-8080-exec-2] INFO  o.a.c.c.C.[Tomcat].[localhost].[/] - Initializing Spring DispatcherServlet 'dispatcherServlet'
13:42:23.877 sms [http-nio-8080-exec-2] INFO  o.s.web.servlet.DispatcherServlet - Initializing Servlet 'dispatcherServlet'
13:42:23.891 sms [http-nio-8080-exec-2] INFO  o.s.web.servlet.DispatcherServlet - Completed initialization in 14 ms
13:42:32.702 sms [http-nio-8080-exec-9] INFO  com.zaxxer.hikari.HikariDataSource - HikariPool-1 - Starting...
13:42:33.904 sms [http-nio-8080-exec-9] INFO  com.zaxxer.hikari.HikariDataSource - HikariPool-1 - Start completed.
14:08:45.056 sms [SpringContextShutdownHook] INFO  o.s.s.c.ThreadPoolTaskExecutor - Shutting down ExecutorService 'applicationTaskExecutor'
14:08:45.057 sms [SpringContextShutdownHook] INFO  com.zaxxer.hikari.HikariDataSource - HikariPool-1 - Shutdown initiated...
14:08:45.077 sms [SpringContextShutdownHook] INFO  com.zaxxer.hikari.HikariDataSource - HikariPool-1 - Shutdown completed.
14:11:00.820 sms [main] INFO  com.csk.rbac.MainApplication - Starting MainApplication on CSK-PC with PID 2564 (G:\project\rbac-security\rbac-web\target\classes started by CSK in G:\project\rbac-security)
14:11:00.834 sms [main] INFO  com.csk.rbac.MainApplication - No active profile set, falling back to default profiles: default
14:11:16.834 sms [main] INFO  com.csk.rbac.MainApplication - Starting MainApplication on CSK-PC with PID 16832 (G:\project\rbac-security\rbac-web\target\classes started by CSK in G:\project\rbac-security)
14:11:16.843 sms [main] INFO  com.csk.rbac.MainApplication - No active profile set, falling back to default profiles: default
14:11:19.037 sms [main] INFO  o.s.b.w.e.tomcat.TomcatWebServer - Tomcat initialized with port(s): 8080 (http)
14:11:19.048 sms [main] INFO  o.a.coyote.http11.Http11NioProtocol - Initializing ProtocolHandler ["http-nio-8080"]
14:11:19.048 sms [main] INFO  o.a.catalina.core.StandardService - Starting service [Tomcat]
14:11:19.049 sms [main] INFO  o.a.catalina.core.StandardEngine - Starting Servlet engine: [Apache Tomcat/9.0.29]
14:11:19.162 sms [main] INFO  o.a.c.c.C.[Tomcat].[localhost].[/] - Initializing Spring embedded WebApplicationContext
14:11:19.163 sms [main] INFO  o.s.web.context.ContextLoader - Root WebApplicationContext: initialization completed in 2209 ms
14:11:20.117 sms [main] INFO  o.s.s.c.ThreadPoolTaskExecutor - Initializing ExecutorService 'applicationTaskExecutor'
14:11:20.212 sms [main] INFO  o.s.b.a.w.s.WelcomePageHandlerMapping - Adding welcome page template: index
14:11:20.518 sms [main] INFO  o.s.s.web.DefaultSecurityFilterChain - Creating filter chain: any request, [org.springframework.security.web.context.request.async.WebAsyncManagerIntegrationFilter@183fc2fa, org.springframework.security.web.context.SecurityContextPersistenceFilter@8c0a23f, org.springframework.security.web.header.HeaderWriterFilter@1efac5b9, org.springframework.security.web.authentication.logout.LogoutFilter@7971c2a9, com.csk.rbac.security.code.img.ImageCodeFilter@7a3e5cd3, org.springframework.security.web.authentication.UsernamePasswordAuthenticationFilter@2fd39436, org.springframework.security.web.savedrequest.RequestCacheAwareFilter@26c8b296, org.springframework.security.web.servletapi.SecurityContextHolderAwareRequestFilter@11c88cca, org.springframework.security.web.authentication.rememberme.RememberMeAuthenticationFilter@26be9a6, org.springframework.security.web.authentication.AnonymousAuthenticationFilter@3a11c0eb, org.springframework.security.web.session.SessionManagementFilter@69796bd0, org.springframework.security.web.access.ExceptionTranslationFilter@1edccfd4, org.springframework.security.web.access.intercept.FilterSecurityInterceptor@68631b1d]
14:11:20.574 sms [main] INFO  o.a.coyote.http11.Http11NioProtocol - Starting ProtocolHandler ["http-nio-8080"]
14:11:20.606 sms [main] INFO  o.s.b.w.e.tomcat.TomcatWebServer - Tomcat started on port(s): 8080 (http) with context path ''
14:11:20.615 sms [main] INFO  com.csk.rbac.MainApplication - Started MainApplication in 5.312 seconds (JVM running for 7.492)
14:11:26.815 sms [http-nio-8080-exec-1] INFO  o.a.c.c.C.[Tomcat].[localhost].[/] - Initializing Spring DispatcherServlet 'dispatcherServlet'
14:11:26.815 sms [http-nio-8080-exec-1] INFO  o.s.web.servlet.DispatcherServlet - Initializing Servlet 'dispatcherServlet'
14:11:26.824 sms [http-nio-8080-exec-1] INFO  o.s.web.servlet.DispatcherServlet - Completed initialization in 9 ms
14:11:34.393 sms [http-nio-8080-exec-6] INFO  com.zaxxer.hikari.HikariDataSource - HikariPool-1 - Starting...
14:11:35.531 sms [http-nio-8080-exec-6] INFO  com.zaxxer.hikari.HikariDataSource - HikariPool-1 - Start completed.
14:12:19.311 sms [SpringContextShutdownHook] INFO  o.s.s.c.ThreadPoolTaskExecutor - Shutting down ExecutorService 'applicationTaskExecutor'
14:12:19.312 sms [SpringContextShutdownHook] INFO  com.zaxxer.hikari.HikariDataSource - HikariPool-1 - Shutdown initiated...
14:12:19.323 sms [SpringContextShutdownHook] INFO  com.zaxxer.hikari.HikariDataSource - HikariPool-1 - Shutdown completed.
14:12:26.503 sms [main] INFO  com.csk.rbac.MainApplication - Starting MainApplication on CSK-PC with PID 1208 (G:\project\rbac-security\rbac-web\target\classes started by CSK in G:\project\rbac-security)
14:12:26.510 sms [main] INFO  com.csk.rbac.MainApplication - No active profile set, falling back to default profiles: default
14:12:28.126 sms [main] INFO  o.s.b.w.e.tomcat.TomcatWebServer - Tomcat initialized with port(s): 8080 (http)
14:12:28.142 sms [main] INFO  o.a.coyote.http11.Http11NioProtocol - Initializing ProtocolHandler ["http-nio-8080"]
14:12:28.143 sms [main] INFO  o.a.catalina.core.StandardService - Starting service [Tomcat]
14:12:28.143 sms [main] INFO  o.a.catalina.core.StandardEngine - Starting Servlet engine: [Apache Tomcat/9.0.29]
14:12:28.271 sms [main] INFO  o.a.c.c.C.[Tomcat].[localhost].[/] - Initializing Spring embedded WebApplicationContext
14:12:28.272 sms [main] INFO  o.s.web.context.ContextLoader - Root WebApplicationContext: initialization completed in 1651 ms
14:12:29.308 sms [main] INFO  o.s.s.c.ThreadPoolTaskExecutor - Initializing ExecutorService 'applicationTaskExecutor'
14:12:29.388 sms [main] INFO  o.s.b.a.w.s.WelcomePageHandlerMapping - Adding welcome page template: index
14:12:29.714 sms [main] INFO  o.s.s.web.DefaultSecurityFilterChain - Creating filter chain: any request, [org.springframework.security.web.context.request.async.WebAsyncManagerIntegrationFilter@370c9018, org.springframework.security.web.context.SecurityContextPersistenceFilter@6c742b84, org.springframework.security.web.header.HeaderWriterFilter@b30a50d, org.springframework.security.web.authentication.logout.LogoutFilter@7f0f84d4, com.csk.rbac.security.code.img.ImageCodeFilter@7ab4ae59, org.springframework.security.web.authentication.UsernamePasswordAuthenticationFilter@6df4af5, org.springframework.security.web.savedrequest.RequestCacheAwareFilter@5db3d57c, org.springframework.security.web.servletapi.SecurityContextHolderAwareRequestFilter@6dcab9d9, org.springframework.security.web.authentication.rememberme.RememberMeAuthenticationFilter@590d6c76, org.springframework.security.web.authentication.AnonymousAuthenticationFilter@3c81cd82, org.springframework.security.web.session.SessionManagementFilter@764a3e5d, org.springframework.security.web.access.ExceptionTranslationFilter@5d1d9d73, org.springframework.security.web.access.intercept.FilterSecurityInterceptor@a2b54e3]
14:12:29.769 sms [main] INFO  o.a.coyote.http11.Http11NioProtocol - Starting ProtocolHandler ["http-nio-8080"]
14:12:29.796 sms [main] INFO  o.s.b.w.e.tomcat.TomcatWebServer - Tomcat started on port(s): 8080 (http) with context path ''
14:12:29.801 sms [main] INFO  com.csk.rbac.MainApplication - Started MainApplication in 4.72 seconds (JVM running for 6.808)
14:12:35.000 sms [http-nio-8080-exec-2] INFO  o.a.c.c.C.[Tomcat].[localhost].[/] - Initializing Spring DispatcherServlet 'dispatcherServlet'
14:12:35.000 sms [http-nio-8080-exec-2] INFO  o.s.web.servlet.DispatcherServlet - Initializing Servlet 'dispatcherServlet'
14:12:35.009 sms [http-nio-8080-exec-2] INFO  o.s.web.servlet.DispatcherServlet - Completed initialization in 8 ms
14:12:35.040 sms [http-nio-8080-exec-2] INFO  com.zaxxer.hikari.HikariDataSource - HikariPool-1 - Starting...
14:12:36.167 sms [http-nio-8080-exec-2] INFO  com.zaxxer.hikari.HikariDataSource - HikariPool-1 - Start completed.
14:13:19.718 sms [SpringContextShutdownHook] INFO  o.s.s.c.ThreadPoolTaskExecutor - Shutting down ExecutorService 'applicationTaskExecutor'
14:13:19.720 sms [SpringContextShutdownHook] INFO  com.zaxxer.hikari.HikariDataSource - HikariPool-1 - Shutdown initiated...
14:13:19.733 sms [SpringContextShutdownHook] INFO  com.zaxxer.hikari.HikariDataSource - HikariPool-1 - Shutdown completed.
14:13:27.760 sms [main] INFO  com.csk.rbac.MainApplication - Starting MainApplication on CSK-PC with PID 15768 (G:\project\rbac-security\rbac-web\target\classes started by CSK in G:\project\rbac-security)
14:13:27.767 sms [main] INFO  com.csk.rbac.MainApplication - No active profile set, falling back to default profiles: default
14:13:29.894 sms [main] INFO  o.s.b.w.e.tomcat.TomcatWebServer - Tomcat initialized with port(s): 8080 (http)
14:13:29.912 sms [main] INFO  o.a.coyote.http11.Http11NioProtocol - Initializing ProtocolHandler ["http-nio-8080"]
14:13:29.913 sms [main] INFO  o.a.catalina.core.StandardService - Starting service [Tomcat]
14:13:29.914 sms [main] INFO  o.a.catalina.core.StandardEngine - Starting Servlet engine: [Apache Tomcat/9.0.29]
14:13:30.048 sms [main] INFO  o.a.c.c.C.[Tomcat].[localhost].[/] - Initializing Spring embedded WebApplicationContext
14:13:30.049 sms [main] INFO  o.s.web.context.ContextLoader - Root WebApplicationContext: initialization completed in 2159 ms
14:13:31.085 sms [main] INFO  o.s.s.c.ThreadPoolTaskExecutor - Initializing ExecutorService 'applicationTaskExecutor'
14:13:31.166 sms [main] INFO  o.s.b.a.w.s.WelcomePageHandlerMapping - Adding welcome page template: index
14:13:31.500 sms [main] INFO  o.s.s.web.DefaultSecurityFilterChain - Creating filter chain: any request, [org.springframework.security.web.context.request.async.WebAsyncManagerIntegrationFilter@3d104c9b, org.springframework.security.web.context.SecurityContextPersistenceFilter@3c7b137a, org.springframework.security.web.header.HeaderWriterFilter@7a65c995, org.springframework.security.web.authentication.logout.LogoutFilter@2bab618, com.csk.rbac.security.code.img.ImageCodeFilter@6ed043d3, org.springframework.security.web.authentication.UsernamePasswordAuthenticationFilter@48bc2fce, org.springframework.security.web.savedrequest.RequestCacheAwareFilter@5a48da4f, org.springframework.security.web.servletapi.SecurityContextHolderAwareRequestFilter@2c2c3947, org.springframework.security.web.authentication.rememberme.RememberMeAuthenticationFilter@5a4d4f9c, org.springframework.security.web.authentication.AnonymousAuthenticationFilter@6544899b, org.springframework.security.web.session.SessionManagementFilter@3af10d0b, org.springframework.security.web.access.ExceptionTranslationFilter@353e6389, org.springframework.security.web.access.intercept.FilterSecurityInterceptor@b1b471]
14:13:31.561 sms [main] INFO  o.a.coyote.http11.Http11NioProtocol - Starting ProtocolHandler ["http-nio-8080"]
14:13:31.605 sms [main] INFO  o.s.b.w.e.tomcat.TomcatWebServer - Tomcat started on port(s): 8080 (http) with context path ''
14:13:31.609 sms [main] INFO  com.csk.rbac.MainApplication - Started MainApplication in 5.511 seconds (JVM running for 7.778)
14:13:52.962 sms [http-nio-8080-exec-2] INFO  o.a.c.c.C.[Tomcat].[localhost].[/] - Initializing Spring DispatcherServlet 'dispatcherServlet'
14:13:52.962 sms [http-nio-8080-exec-2] INFO  o.s.web.servlet.DispatcherServlet - Initializing Servlet 'dispatcherServlet'
14:13:52.971 sms [http-nio-8080-exec-2] INFO  o.s.web.servlet.DispatcherServlet - Completed initialization in 9 ms
14:13:53.006 sms [http-nio-8080-exec-2] INFO  com.zaxxer.hikari.HikariDataSource - HikariPool-1 - Starting...
14:13:54.116 sms [http-nio-8080-exec-2] INFO  com.zaxxer.hikari.HikariDataSource - HikariPool-1 - Start completed.
16:25:46.631 sms [SpringContextShutdownHook] INFO  o.s.s.c.ThreadPoolTaskExecutor - Shutting down ExecutorService 'applicationTaskExecutor'
16:25:46.636 sms [SpringContextShutdownHook] INFO  com.zaxxer.hikari.HikariDataSource - HikariPool-1 - Shutdown initiated...
16:25:46.653 sms [SpringContextShutdownHook] INFO  com.zaxxer.hikari.HikariDataSource - HikariPool-1 - Shutdown completed.
16:26:08.973 rbac-security [main] INFO  com.csk.rbac.MainApplication - Starting MainApplication on CSK-PC with PID 17016 (G:\project\rbac-security\rbac-web\target\classes started by CSK in G:\project\rbac-security)
16:26:08.984 rbac-security [main] INFO  com.csk.rbac.MainApplication - No active profile set, falling back to default profiles: default
16:26:11.402 rbac-security [main] INFO  o.s.b.w.e.tomcat.TomcatWebServer - Tomcat initialized with port(s): 8080 (http)
16:26:11.415 rbac-security [main] INFO  o.a.coyote.http11.Http11NioProtocol - Initializing ProtocolHandler ["http-nio-8080"]
16:26:11.416 rbac-security [main] INFO  o.a.catalina.core.StandardService - Starting service [Tomcat]
16:26:11.417 rbac-security [main] INFO  o.a.catalina.core.StandardEngine - Starting Servlet engine: [Apache Tomcat/9.0.29]
16:26:11.538 rbac-security [main] INFO  o.a.c.c.C.[Tomcat].[localhost].[/] - Initializing Spring embedded WebApplicationContext
16:26:11.539 rbac-security [main] INFO  o.s.web.context.ContextLoader - Root WebApplicationContext: initialization completed in 2375 ms
16:26:12.834 rbac-security [main] INFO  o.s.s.c.ThreadPoolTaskExecutor - Initializing ExecutorService 'applicationTaskExecutor'
16:26:12.932 rbac-security [main] INFO  o.s.b.a.w.s.WelcomePageHandlerMapping - Adding welcome page template: index
16:26:13.362 rbac-security [main] INFO  o.s.s.web.DefaultSecurityFilterChain - Creating filter chain: any request, [org.springframework.security.web.context.request.async.WebAsyncManagerIntegrationFilter@785ed99c, org.springframework.security.web.context.SecurityContextPersistenceFilter@5ec9eefa, org.springframework.security.web.header.HeaderWriterFilter@3820cfe, org.springframework.security.web.authentication.logout.LogoutFilter@21b51e59, com.csk.rbac.security.code.img.ImageCodeFilter@6cbe7d4d, org.springframework.security.web.authentication.UsernamePasswordAuthenticationFilter@1785d194, org.springframework.security.web.savedrequest.RequestCacheAwareFilter@28b8f98a, org.springframework.security.web.servletapi.SecurityContextHolderAwareRequestFilter@6750e381, org.springframework.security.web.authentication.rememberme.RememberMeAuthenticationFilter@4f664bee, org.springframework.security.web.authentication.AnonymousAuthenticationFilter@6c4ce583, org.springframework.security.web.session.SessionManagementFilter@2407a36c, org.springframework.security.web.access.ExceptionTranslationFilter@26da1ba2, org.springframework.security.web.access.intercept.FilterSecurityInterceptor@72a8361b]
16:26:13.435 rbac-security [main] INFO  o.a.coyote.http11.Http11NioProtocol - Starting ProtocolHandler ["http-nio-8080"]
16:26:13.472 rbac-security [main] INFO  o.s.b.w.e.tomcat.TomcatWebServer - Tomcat started on port(s): 8080 (http) with context path ''
16:26:13.477 rbac-security [main] INFO  com.csk.rbac.MainApplication - Started MainApplication in 6.389 seconds (JVM running for 9.353)
16:27:36.389 rbac-security [http-nio-8080-exec-1] INFO  o.a.c.c.C.[Tomcat].[localhost].[/] - Initializing Spring DispatcherServlet 'dispatcherServlet'
16:27:36.390 rbac-security [http-nio-8080-exec-1] INFO  o.s.web.servlet.DispatcherServlet - Initializing Servlet 'dispatcherServlet'
16:27:36.400 rbac-security [http-nio-8080-exec-1] INFO  o.s.web.servlet.DispatcherServlet - Completed initialization in 10 ms
16:27:43.829 rbac-security [http-nio-8080-exec-4] INFO  com.zaxxer.hikari.HikariDataSource - HikariPool-1 - Starting...
16:27:44.893 rbac-security [http-nio-8080-exec-4] INFO  com.zaxxer.hikari.HikariDataSource - HikariPool-1 - Start completed.
16:28:34.313 rbac-security [SpringContextShutdownHook] INFO  o.s.s.c.ThreadPoolTaskExecutor - Shutting down ExecutorService 'applicationTaskExecutor'
16:28:34.315 rbac-security [SpringContextShutdownHook] INFO  com.zaxxer.hikari.HikariDataSource - HikariPool-1 - Shutdown initiated...
16:28:34.326 rbac-security [SpringContextShutdownHook] INFO  com.zaxxer.hikari.HikariDataSource - HikariPool-1 - Shutdown completed.
16:29:00.452 rbac-security [main] INFO  com.csk.rbac.MainApplication - Starting MainApplication on CSK-PC with PID 13392 (G:\project\rbac-security\rbac-web\target\classes started by CSK in G:\project\rbac-security)
16:29:00.466 rbac-security [main] INFO  com.csk.rbac.MainApplication - No active profile set, falling back to default profiles: default
16:29:03.056 rbac-security [main] INFO  o.s.b.w.e.tomcat.TomcatWebServer - Tomcat initialized with port(s): 8080 (http)
16:29:03.069 rbac-security [main] INFO  o.a.coyote.http11.Http11NioProtocol - Initializing ProtocolHandler ["http-nio-8080"]
16:29:03.070 rbac-security [main] INFO  o.a.catalina.core.StandardService - Starting service [Tomcat]
16:29:03.070 rbac-security [main] INFO  o.a.catalina.core.StandardEngine - Starting Servlet engine: [Apache Tomcat/9.0.29]
16:29:03.194 rbac-security [main] INFO  o.a.c.c.C.[Tomcat].[localhost].[/] - Initializing Spring embedded WebApplicationContext
16:29:03.195 rbac-security [main] INFO  o.s.web.context.ContextLoader - Root WebApplicationContext: initialization completed in 2627 ms
16:29:04.191 rbac-security [main] INFO  o.s.s.c.ThreadPoolTaskExecutor - Initializing ExecutorService 'applicationTaskExecutor'
16:29:04.280 rbac-security [main] INFO  o.s.b.a.w.s.WelcomePageHandlerMapping - Adding welcome page template: index
16:29:04.638 rbac-security [main] INFO  o.s.s.web.DefaultSecurityFilterChain - Creating filter chain: any request, [org.springframework.security.web.context.request.async.WebAsyncManagerIntegrationFilter@252ec02e, org.springframework.security.web.context.SecurityContextPersistenceFilter@40df6090, org.springframework.security.web.header.HeaderWriterFilter@8c43966, org.springframework.security.web.authentication.logout.LogoutFilter@de579ff, com.csk.rbac.security.code.img.ImageCodeFilter@47406941, org.springframework.security.web.authentication.UsernamePasswordAuthenticationFilter@7971c2a9, org.springframework.security.web.savedrequest.RequestCacheAwareFilter@44d7e24, org.springframework.security.web.servletapi.SecurityContextHolderAwareRequestFilter@6a1568d6, org.springframework.security.web.authentication.rememberme.RememberMeAuthenticationFilter@31aab981, org.springframework.security.web.authentication.AnonymousAuthenticationFilter@11e9ac24, org.springframework.security.web.session.SessionManagementFilter@11a3a45f, org.springframework.security.web.access.ExceptionTranslationFilter@3db65c0d, org.springframework.security.web.access.intercept.FilterSecurityInterceptor@37606fee]
16:29:04.701 rbac-security [main] INFO  o.a.coyote.http11.Http11NioProtocol - Starting ProtocolHandler ["http-nio-8080"]
16:29:04.729 rbac-security [main] INFO  o.s.b.w.e.tomcat.TomcatWebServer - Tomcat started on port(s): 8080 (http) with context path ''
16:29:04.733 rbac-security [main] INFO  com.csk.rbac.MainApplication - Started MainApplication in 5.821 seconds (JVM running for 8.373)
16:29:11.472 rbac-security [http-nio-8080-exec-2] INFO  o.a.c.c.C.[Tomcat].[localhost].[/] - Initializing Spring DispatcherServlet 'dispatcherServlet'
16:29:11.472 rbac-security [http-nio-8080-exec-2] INFO  o.s.web.servlet.DispatcherServlet - Initializing Servlet 'dispatcherServlet'
16:29:11.480 rbac-security [http-nio-8080-exec-2] INFO  o.s.web.servlet.DispatcherServlet - Completed initialization in 8 ms
16:29:19.639 rbac-security [http-nio-8080-exec-3] INFO  com.zaxxer.hikari.HikariDataSource - HikariPool-1 - Starting...
16:29:20.833 rbac-security [http-nio-8080-exec-3] INFO  com.zaxxer.hikari.HikariDataSource - HikariPool-1 - Start completed.
16:29:54.473 rbac-security [SpringContextShutdownHook] INFO  o.s.s.c.ThreadPoolTaskExecutor - Shutting down ExecutorService 'applicationTaskExecutor'
16:29:54.474 rbac-security [SpringContextShutdownHook] INFO  com.zaxxer.hikari.HikariDataSource - HikariPool-1 - Shutdown initiated...
16:29:54.484 rbac-security [SpringContextShutdownHook] INFO  com.zaxxer.hikari.HikariDataSource - HikariPool-1 - Shutdown completed.
16:30:03.055 rbac-security [main] INFO  com.csk.rbac.MainApplication - Starting MainApplication on CSK-PC with PID 17180 (G:\project\rbac-security\rbac-web\target\classes started by CSK in G:\project\rbac-security)
16:30:03.063 rbac-security [main] INFO  com.csk.rbac.MainApplication - No active profile set, falling back to default profiles: default
16:30:04.962 rbac-security [main] INFO  o.s.b.w.e.tomcat.TomcatWebServer - Tomcat initialized with port(s): 8080 (http)
16:30:04.978 rbac-security [main] INFO  o.a.coyote.http11.Http11NioProtocol - Initializing ProtocolHandler ["http-nio-8080"]
16:30:04.979 rbac-security [main] INFO  o.a.catalina.core.StandardService - Starting service [Tomcat]
16:30:04.980 rbac-security [main] INFO  o.a.catalina.core.StandardEngine - Starting Servlet engine: [Apache Tomcat/9.0.29]
16:30:05.112 rbac-security [main] INFO  o.a.c.c.C.[Tomcat].[localhost].[/] - Initializing Spring embedded WebApplicationContext
16:30:05.112 rbac-security [main] INFO  o.s.web.context.ContextLoader - Root WebApplicationContext: initialization completed in 1926 ms
16:30:06.220 rbac-security [main] INFO  o.s.s.c.ThreadPoolTaskExecutor - Initializing ExecutorService 'applicationTaskExecutor'
16:30:06.306 rbac-security [main] INFO  o.s.b.a.w.s.WelcomePageHandlerMapping - Adding welcome page template: index
16:30:06.679 rbac-security [main] INFO  o.s.s.web.DefaultSecurityFilterChain - Creating filter chain: any request, [org.springframework.security.web.context.request.async.WebAsyncManagerIntegrationFilter@269222ae, org.springframework.security.web.context.SecurityContextPersistenceFilter@77cca767, org.springframework.security.web.header.HeaderWriterFilter@12fcb2c3, org.springframework.security.web.authentication.logout.LogoutFilter@fbe70d8, com.csk.rbac.security.code.img.ImageCodeFilter@51d719bc, org.springframework.security.web.authentication.UsernamePasswordAuthenticationFilter@64021427, org.springframework.security.web.savedrequest.RequestCacheAwareFilter@28a6e171, org.springframework.security.web.servletapi.SecurityContextHolderAwareRequestFilter@265c1a7c, org.springframework.security.web.authentication.rememberme.RememberMeAuthenticationFilter@296edc75, org.springframework.security.web.authentication.AnonymousAuthenticationFilter@13250132, org.springframework.security.web.session.SessionManagementFilter@39ab5ef7, org.springframework.security.web.access.ExceptionTranslationFilter@1a8e9ed9, org.springframework.security.web.access.intercept.FilterSecurityInterceptor@58a765ce]
16:30:06.746 rbac-security [main] INFO  o.a.coyote.http11.Http11NioProtocol - Starting ProtocolHandler ["http-nio-8080"]
16:30:06.779 rbac-security [main] INFO  o.s.b.w.e.tomcat.TomcatWebServer - Tomcat started on port(s): 8080 (http) with context path ''
16:30:06.784 rbac-security [main] INFO  com.csk.rbac.MainApplication - Started MainApplication in 5.42 seconds (JVM running for 8.009)
16:30:10.814 rbac-security [http-nio-8080-exec-2] INFO  o.a.c.c.C.[Tomcat].[localhost].[/] - Initializing Spring DispatcherServlet 'dispatcherServlet'
16:30:10.815 rbac-security [http-nio-8080-exec-2] INFO  o.s.web.servlet.DispatcherServlet - Initializing Servlet 'dispatcherServlet'
16:30:10.825 rbac-security [http-nio-8080-exec-2] INFO  o.s.web.servlet.DispatcherServlet - Completed initialization in 10 ms
16:30:17.580 rbac-security [http-nio-8080-exec-6] INFO  com.zaxxer.hikari.HikariDataSource - HikariPool-1 - Starting...
16:30:18.736 rbac-security [http-nio-8080-exec-6] INFO  com.zaxxer.hikari.HikariDataSource - HikariPool-1 - Start completed.
17:17:02.907 rbac-security [SpringContextShutdownHook] INFO  o.s.s.c.ThreadPoolTaskExecutor - Shutting down ExecutorService 'applicationTaskExecutor'
17:17:02.908 rbac-security [SpringContextShutdownHook] INFO  com.zaxxer.hikari.HikariDataSource - HikariPool-1 - Shutdown initiated...
17:17:02.921 rbac-security [SpringContextShutdownHook] INFO  com.zaxxer.hikari.HikariDataSource - HikariPool-1 - Shutdown completed.
17:17:30.877 rbac-security [main] INFO  com.csk.rbac.MainApplication - Starting MainApplication on CSK-PC with PID 3380 (G:\project\rbac-security\rbac-web\target\classes started by CSK in G:\project\rbac-security)
17:17:30.891 rbac-security [main] INFO  com.csk.rbac.MainApplication - No active profile set, falling back to default profiles: default
17:17:38.133 rbac-security [main] INFO  o.s.b.w.e.tomcat.TomcatWebServer - Tomcat initialized with port(s): 8080 (http)
17:17:38.152 rbac-security [main] INFO  o.a.coyote.http11.Http11NioProtocol - Initializing ProtocolHandler ["http-nio-8080"]
17:17:38.153 rbac-security [main] INFO  o.a.catalina.core.StandardService - Starting service [Tomcat]
17:17:38.154 rbac-security [main] INFO  o.a.catalina.core.StandardEngine - Starting Servlet engine: [Apache Tomcat/9.0.29]
17:17:38.282 rbac-security [main] INFO  o.a.c.c.C.[Tomcat].[localhost].[/] - Initializing Spring embedded WebApplicationContext
17:17:38.283 rbac-security [main] INFO  o.s.web.context.ContextLoader - Root WebApplicationContext: initialization completed in 7271 ms
17:17:39.620 rbac-security [main] INFO  o.s.s.c.ThreadPoolTaskExecutor - Initializing ExecutorService 'applicationTaskExecutor'
17:17:39.733 rbac-security [main] INFO  o.s.b.a.w.s.WelcomePageHandlerMapping - Adding welcome page template: index
17:17:40.171 rbac-security [main] INFO  o.s.s.web.DefaultSecurityFilterChain - Creating filter chain: any request, [org.springframework.security.web.context.request.async.WebAsyncManagerIntegrationFilter@257f30f7, org.springframework.security.web.context.SecurityContextPersistenceFilter@4aed311e, org.springframework.security.web.header.HeaderWriterFilter@75eaba95, org.springframework.security.web.authentication.logout.LogoutFilter@15e8f9b2, com.csk.rbac.security.code.img.ImageCodeFilter@35a0e495, org.springframework.security.web.authentication.UsernamePasswordAuthenticationFilter@7a65c995, org.springframework.security.web.savedrequest.RequestCacheAwareFilter@7ddcb0dc, org.springframework.security.web.servletapi.SecurityContextHolderAwareRequestFilter@66f5b8fe, org.springframework.security.web.authentication.rememberme.RememberMeAuthenticationFilter@3c7b137a, org.springframework.security.web.authentication.AnonymousAuthenticationFilter@3fde2209, org.springframework.security.web.session.SessionManagementFilter@435e416c, org.springframework.security.web.access.ExceptionTranslationFilter@58b311ba, org.springframework.security.web.access.intercept.FilterSecurityInterceptor@7aded903]
17:17:40.246 rbac-security [main] INFO  o.a.coyote.http11.Http11NioProtocol - Starting ProtocolHandler ["http-nio-8080"]
17:17:40.284 rbac-security [main] INFO  o.s.b.w.e.tomcat.TomcatWebServer - Tomcat started on port(s): 8080 (http) with context path ''
17:17:40.290 rbac-security [main] INFO  com.csk.rbac.MainApplication - Started MainApplication in 11.391 seconds (JVM running for 14.266)
17:17:53.675 rbac-security [http-nio-8080-exec-2] INFO  o.a.c.c.C.[Tomcat].[localhost].[/] - Initializing Spring DispatcherServlet 'dispatcherServlet'
17:17:53.676 rbac-security [http-nio-8080-exec-2] INFO  o.s.web.servlet.DispatcherServlet - Initializing Servlet 'dispatcherServlet'
17:17:53.686 rbac-security [http-nio-8080-exec-2] INFO  o.s.web.servlet.DispatcherServlet - Completed initialization in 10 ms
17:18:00.687 rbac-security [http-nio-8080-exec-9] INFO  com.zaxxer.hikari.HikariDataSource - HikariPool-1 - Starting...
17:18:01.755 rbac-security [http-nio-8080-exec-9] INFO  com.zaxxer.hikari.HikariDataSource - HikariPool-1 - Start completed.
17:19:56.417 rbac-security [SpringContextShutdownHook] INFO  o.s.s.c.ThreadPoolTaskExecutor - Shutting down ExecutorService 'applicationTaskExecutor'
17:19:56.418 rbac-security [SpringContextShutdownHook] INFO  com.zaxxer.hikari.HikariDataSource - HikariPool-1 - Shutdown initiated...
17:19:56.436 rbac-security [SpringContextShutdownHook] INFO  com.zaxxer.hikari.HikariDataSource - HikariPool-1 - Shutdown completed.
17:20:14.581 rbac-security [main] INFO  com.csk.rbac.MainApplication - Starting MainApplication on CSK-PC with PID 7556 (G:\project\rbac-security\rbac-web\target\classes started by CSK in G:\project\rbac-security)
17:20:14.588 rbac-security [main] INFO  com.csk.rbac.MainApplication - No active profile set, falling back to default profiles: default
17:20:16.212 rbac-security [main] INFO  o.s.b.w.e.tomcat.TomcatWebServer - Tomcat initialized with port(s): 8080 (http)
17:20:16.223 rbac-security [main] INFO  o.a.coyote.http11.Http11NioProtocol - Initializing ProtocolHandler ["http-nio-8080"]
17:20:16.224 rbac-security [main] INFO  o.a.catalina.core.StandardService - Starting service [Tomcat]
17:20:16.224 rbac-security [main] INFO  o.a.catalina.core.StandardEngine - Starting Servlet engine: [Apache Tomcat/9.0.29]
17:20:16.325 rbac-security [main] INFO  o.a.c.c.C.[Tomcat].[localhost].[/] - Initializing Spring embedded WebApplicationContext
17:20:16.325 rbac-security [main] INFO  o.s.web.context.ContextLoader - Root WebApplicationContext: initialization completed in 1640 ms
17:20:17.643 rbac-security [main] INFO  o.s.s.c.ThreadPoolTaskExecutor - Initializing ExecutorService 'applicationTaskExecutor'
17:20:17.748 rbac-security [main] INFO  o.s.b.a.w.s.WelcomePageHandlerMapping - Adding welcome page template: index
17:20:18.126 rbac-security [main] INFO  o.s.s.web.DefaultSecurityFilterChain - Creating filter chain: any request, [org.springframework.security.web.context.request.async.WebAsyncManagerIntegrationFilter@353c6da1, org.springframework.security.web.context.SecurityContextPersistenceFilter@6094de13, org.springframework.security.web.header.HeaderWriterFilter@636985df, org.springframework.security.web.authentication.logout.LogoutFilter@37d28938, com.csk.rbac.security.code.img.ImageCodeFilter@1a3e8e24, org.springframework.security.web.authentication.UsernamePasswordAuthenticationFilter@7d0cd23c, org.springframework.security.web.savedrequest.RequestCacheAwareFilter@3e6ec74, org.springframework.security.web.servletapi.SecurityContextHolderAwareRequestFilter@6870cfac, org.springframework.security.web.authentication.rememberme.RememberMeAuthenticationFilter@53314f76, org.springframework.security.web.authentication.AnonymousAuthenticationFilter@36c07c75, org.springframework.security.web.session.SessionManagementFilter@723e3c17, org.springframework.security.web.access.ExceptionTranslationFilter@3fb450d7, org.springframework.security.web.access.intercept.FilterSecurityInterceptor@28b8f98a]
17:20:18.201 rbac-security [main] INFO  o.a.coyote.http11.Http11NioProtocol - Starting ProtocolHandler ["http-nio-8080"]
17:20:18.231 rbac-security [main] INFO  o.s.b.w.e.tomcat.TomcatWebServer - Tomcat started on port(s): 8080 (http) with context path ''
17:20:18.235 rbac-security [main] INFO  com.csk.rbac.MainApplication - Started MainApplication in 5.027 seconds (JVM running for 7.614)
17:20:45.655 rbac-security [http-nio-8080-exec-2] INFO  o.a.c.c.C.[Tomcat].[localhost].[/] - Initializing Spring DispatcherServlet 'dispatcherServlet'
17:20:45.655 rbac-security [http-nio-8080-exec-2] INFO  o.s.web.servlet.DispatcherServlet - Initializing Servlet 'dispatcherServlet'
17:20:45.664 rbac-security [http-nio-8080-exec-2] INFO  o.s.web.servlet.DispatcherServlet - Completed initialization in 9 ms
17:20:53.684 rbac-security [http-nio-8080-exec-7] INFO  com.zaxxer.hikari.HikariDataSource - HikariPool-1 - Starting...
17:20:54.749 rbac-security [http-nio-8080-exec-7] INFO  com.zaxxer.hikari.HikariDataSource - HikariPool-1 - Start completed.
18:01:27.510 rbac-security [SpringContextShutdownHook] INFO  o.s.s.c.ThreadPoolTaskExecutor - Shutting down ExecutorService 'applicationTaskExecutor'
18:01:27.511 rbac-security [SpringContextShutdownHook] INFO  com.zaxxer.hikari.HikariDataSource - HikariPool-1 - Shutdown initiated...
18:01:27.528 rbac-security [SpringContextShutdownHook] INFO  com.zaxxer.hikari.HikariDataSource - HikariPool-1 - Shutdown completed.
